[2021-12-06 17:09:13.209] [exthost] [info] Extension host with pid 1480 started
[2021-12-06 17:09:13.209] [exthost] [info] Skipping acquiring lock for /root/Desktop/pge/code/User/workspaceStorage/7edbfa158b3acaf78724656ffd9ed10d.
[2021-12-06 17:09:13.313] [exthost] [info] ExtensionService#_doActivateExtension vscode.microsoft-authentication, startup: false, activationEvent: 'onAuthenticationRequest:microsoft'
[2021-12-06 17:09:13.363] [exthost] [info] ExtensionService#_doActivateExtension vscode.debug-auto-launch, startup: true, activationEvent: '*'
[2021-12-06 17:09:13.368] [exthost] [info] ExtensionService#_doActivateExtension vscode.git, startup: true, activationEvent: '*', root cause: vscode.github
[2021-12-06 17:09:13.864] [exthost] [info] ExtensionService#_doActivateExtension vscode.github, startup: true, activationEvent: '*'
[2021-12-06 17:09:13.987] [exthost] [info] Eager extensions activated
[2021-12-06 17:09:13.999] [exthost] [info] ExtensionService#_doActivateExtension vscode.merge-conflict, startup: false, activationEvent: 'onStartupFinished'
[2021-12-06 17:09:14.013] [exthost] [info] ExtensionService#_doActivateExtension vscode.github-authentication, startup: false, activationEvent: 'onAuthenticationRequest:github'
[2021-12-06 17:09:42.158] [exthost] [warning] [Decorations] CAPPING events from decorations provider vscode.git 285
[2021-12-06 17:09:47.229] [exthost] [warning] [Decorations] CAPPING events from decorations provider vscode.git 285
[2021-12-06 17:09:53.000] [exthost] [warning] [Decorations] CAPPING events from decorations provider vscode.git 285
[2021-12-06 17:09:58.073] [exthost] [warning] [Decorations] CAPPING events from decorations provider vscode.git 285
[2021-12-06 17:10:03.137] [exthost] [warning] [Decorations] CAPPING events from decorations provider vscode.git 285
[2021-12-06 17:10:08.196] [exthost] [warning] [Decorations] CAPPING events from decorations provider vscode.git 285
[2021-12-06 17:10:13.265] [exthost] [warning] [Decorations] CAPPING events from decorations provider vscode.git 285
[2021-12-06 17:11:59.640] [exthost] [warning] [Decorations] CAPPING events from decorations provider vscode.git 285
[2021-12-06 17:12:04.721] [exthost] [warning] [Decorations] CAPPING events from decorations provider vscode.git 285
[2021-12-06 17:12:09.768] [exthost] [warning] [Decorations] CAPPING events from decorations provider vscode.git 285
[2021-12-06 17:12:41.174] [exthost] [warning] [Decorations] CAPPING events from decorations provider vscode.git 286
[2021-12-06 17:12:51.333] [exthost] [warning] [Decorations] CAPPING events from decorations provider vscode.git 286
[2021-12-06 17:12:56.418] [exthost] [warning] [Decorations] CAPPING events from decorations provider vscode.git 286
[2021-12-06 17:13:18.420] [exthost] [warning] [Decorations] CAPPING events from decorations provider vscode.git 286
[2021-12-06 17:13:23.482] [exthost] [warning] [Decorations] CAPPING events from decorations provider vscode.git 287
[2021-12-06 17:13:28.569] [exthost] [warning] [Decorations] CAPPING events from decorations provider vscode.git 287
[2021-12-06 17:13:33.641] [exthost] [warning] [Decorations] CAPPING events from decorations provider vscode.git 287
[2021-12-06 17:14:03.253] [exthost] [warning] [Decorations] CAPPING events from decorations provider vscode.git 287
[2021-12-06 17:14:08.338] [exthost] [warning] [Decorations] CAPPING events from decorations provider vscode.git 286
[2021-12-06 17:14:13.424] [exthost] [warning] [Decorations] CAPPING events from decorations provider vscode.git 286
[2021-12-06 17:14:18.508] [exthost] [warning] [Decorations] CAPPING events from decorations provider vscode.git 286
[2021-12-06 17:14:23.577] [exthost] [warning] [Decorations] CAPPING events from decorations provider vscode.git 286
[2021-12-06 17:14:28.633] [exthost] [warning] [Decorations] CAPPING events from decorations provider vscode.git 286
[2021-12-06 17:14:33.714] [exthost] [warning] [Decorations] CAPPING events from decorations provider vscode.git 286
[2021-12-06 17:14:38.797] [exthost] [warning] [Decorations] CAPPING events from decorations provider vscode.git 286
[2021-12-06 17:14:43.872] [exthost] [warning] [Decorations] CAPPING events from decorations provider vscode.git 286
[2021-12-06 17:14:48.953] [exthost] [warning] [Decorations] CAPPING events from decorations provider vscode.git 286
[2021-12-06 17:14:54.023] [exthost] [warning] [Decorations] CAPPING events from decorations provider vscode.git 286
[2021-12-06 17:14:59.106] [exthost] [warning] [Decorations] CAPPING events from decorations provider vscode.git 286
[2021-12-06 17:15:04.191] [exthost] [warning] [Decorations] CAPPING events from decorations provider vscode.git 286
[2021-12-06 17:20:03.420] [exthost] [warning] [Decorations] CAPPING events from decorations provider vscode.git 286
[2021-12-06 17:20:08.487] [exthost] [warning] [Decorations] CAPPING events from decorations provider vscode.git 286
[2021-12-06 17:20:13.564] [exthost] [warning] [Decorations] CAPPING events from decorations provider vscode.git 286
[2021-12-06 17:20:18.639] [exthost] [warning] [Decorations] CAPPING events from decorations provider vscode.git 286
[2021-12-06 17:20:23.705] [exthost] [warning] [Decorations] CAPPING events from decorations provider vscode.git 286
[2021-12-06 17:20:53.071] [exthost] [warning] [Decorations] CAPPING events from decorations provider vscode.git 286
[2021-12-06 17:21:00.346] [exthost] [warning] [Decorations] CAPPING events from decorations provider vscode.git 286
[2021-12-06 17:21:11.944] [exthost] [warning] [Decorations] CAPPING events from decorations provider vscode.git 286
[2021-12-06 17:21:17.012] [exthost] [warning] [Decorations] CAPPING events from decorations provider vscode.git 286
[2021-12-06 17:22:00.402] [exthost] [warning] [Decorations] CAPPING events from decorations provider vscode.git 286
[2021-12-06 17:22:08.609] [exthost] [warning] [Decorations] CAPPING events from decorations provider vscode.git 286
[2021-12-06 17:22:24.032] [exthost] [warning] [Decorations] CAPPING events from decorations provider vscode.git 286
[2021-12-06 17:22:29.115] [exthost] [warning] [Decorations] CAPPING events from decorations provider vscode.git 286
[2021-12-06 17:22:34.182] [exthost] [warning] [Decorations] CAPPING events from decorations provider vscode.git 286
[2021-12-06 17:22:45.532] [exthost] [warning] [Decorations] CAPPING events from decorations provider vscode.git 286
[2021-12-06 17:22:50.601] [exthost] [warning] [Decorations] CAPPING events from decorations provider vscode.git 286
[2021-12-06 17:22:55.755] [exthost] [warning] [Decorations] CAPPING events from decorations provider vscode.git 286
[2021-12-06 17:23:00.824] [exthost] [warning] [Decorations] CAPPING events from decorations provider vscode.git 286
[2021-12-06 17:23:05.959] [exthost] [warning] [Decorations] CAPPING events from decorations provider vscode.git 286
[2021-12-06 17:23:11.043] [exthost] [warning] [Decorations] CAPPING events from decorations provider vscode.git 286
[2021-12-06 17:23:16.113] [exthost] [warning] [Decorations] CAPPING events from decorations provider vscode.git 286
[2021-12-06 17:23:21.184] [exthost] [warning] [Decorations] CAPPING events from decorations provider vscode.git 286
[2021-12-06 17:23:26.248] [exthost] [warning] [Decorations] CAPPING events from decorations provider vscode.git 286
[2021-12-06 17:23:32.570] [exthost] [warning] [Decorations] CAPPING events from decorations provider vscode.git 286
[2021-12-06 17:27:19.030] [exthost] [warning] [Decorations] CAPPING events from decorations provider vscode.git 286
[2021-12-06 17:27:24.131] [exthost] [warning] [Decorations] CAPPING events from decorations provider vscode.git 287
[2021-12-06 17:27:29.211] [exthost] [warning] [Decorations] CAPPING events from decorations provider vscode.git 287
[2021-12-06 17:27:34.267] [exthost] [warning] [Decorations] CAPPING events from decorations provider vscode.git 287
[2021-12-06 17:27:39.349] [exthost] [warning] [Decorations] CAPPING events from decorations provider vscode.git 287
[2021-12-06 17:27:44.414] [exthost] [warning] [Decorations] CAPPING events from decorations provider vscode.git 287
[2021-12-06 17:27:49.496] [exthost] [warning] [Decorations] CAPPING events from decorations provider vscode.git 286
[2021-12-06 17:27:54.563] [exthost] [warning] [Decorations] CAPPING events from decorations provider vscode.git 286
[2021-12-06 17:27:59.646] [exthost] [warning] [Decorations] CAPPING events from decorations provider vscode.git 286
[2021-12-06 17:28:04.704] [exthost] [warning] [Decorations] CAPPING events from decorations provider vscode.git 286
[2021-12-06 17:28:09.763] [exthost] [warning] [Decorations] CAPPING events from decorations provider vscode.git 286
[2021-12-06 17:28:14.848] [exthost] [warning] [Decorations] CAPPING events from decorations provider vscode.git 286
[2021-12-06 17:28:19.928] [exthost] [warning] [Decorations] CAPPING events from decorations provider vscode.git 286
[2021-12-06 17:28:25.009] [exthost] [warning] [Decorations] CAPPING events from decorations provider vscode.git 286
[2021-12-06 17:28:30.077] [exthost] [warning] [Decorations] CAPPING events from decorations provider vscode.git 286
[2021-12-06 17:28:37.054] [exthost] [warning] [Decorations] CAPPING events from decorations provider vscode.git 286
[2021-12-06 17:28:42.146] [exthost] [warning] [Decorations] CAPPING events from decorations provider vscode.git 286
[2021-12-06 17:28:47.222] [exthost] [warning] [Decorations] CAPPING events from decorations provider vscode.git 286
[2021-12-06 17:28:52.301] [exthost] [warning] [Decorations] CAPPING events from decorations provider vscode.git 286
[2021-12-06 17:28:57.386] [exthost] [warning] [Decorations] CAPPING events from decorations provider vscode.git 286
[2021-12-06 17:29:02.462] [exthost] [warning] [Decorations] CAPPING events from decorations provider vscode.git 286
[2021-12-06 17:29:07.532] [exthost] [warning] [Decorations] CAPPING events from decorations provider vscode.git 287
[2021-12-06 17:30:24.785] [exthost] [warning] [Decorations] CAPPING events from decorations provider vscode.git 287
[2021-12-06 17:30:29.864] [exthost] [warning] [Decorations] CAPPING events from decorations provider vscode.git 286
[2021-12-06 17:30:34.932] [exthost] [warning] [Decorations] CAPPING events from decorations provider vscode.git 286
[2021-12-06 17:30:43.264] [exthost] [warning] [Decorations] CAPPING events from decorations provider vscode.git 286
[2021-12-06 17:30:48.319] [exthost] [warning] [Decorations] CAPPING events from decorations provider vscode.git 286
[2021-12-06 17:30:53.376] [exthost] [warning] [Decorations] CAPPING events from decorations provider vscode.git 287
[2021-12-06 17:30:58.456] [exthost] [warning] [Decorations] CAPPING events from decorations provider vscode.git 287
[2021-12-06 17:31:14.840] [exthost] [warning] [Decorations] CAPPING events from decorations provider vscode.git 286
[2021-12-06 17:31:19.922] [exthost] [warning] [Decorations] CAPPING events from decorations provider vscode.git 286
[2021-12-06 17:31:24.988] [exthost] [warning] [Decorations] CAPPING events from decorations provider vscode.git 286
[2021-12-06 17:31:30.036] [exthost] [warning] [Decorations] CAPPING events from decorations provider vscode.git 287
[2021-12-06 17:31:50.998] [exthost] [warning] [Decorations] CAPPING events from decorations provider vscode.git 287
[2021-12-06 17:32:01.134] [exthost] [warning] [Decorations] CAPPING events from decorations provider vscode.git 286
[2021-12-06 17:32:06.225] [exthost] [warning] [Decorations] CAPPING events from decorations provider vscode.git 286
[2021-12-06 17:32:20.601] [exthost] [warning] [Decorations] CAPPING events from decorations provider vscode.git 286
[2021-12-06 17:32:25.694] [exthost] [warning] [Decorations] CAPPING events from decorations provider vscode.git 286
[2021-12-06 17:32:30.782] [exthost] [warning] [Decorations] CAPPING events from decorations provider vscode.git 286
[2021-12-06 17:32:37.069] [exthost] [warning] [Decorations] CAPPING events from decorations provider vscode.git 286
[2021-12-06 17:32:42.138] [exthost] [warning] [Decorations] CAPPING events from decorations provider vscode.git 286
[2021-12-06 17:32:47.224] [exthost] [warning] [Decorations] CAPPING events from decorations provider vscode.git 286
[2021-12-06 17:33:03.688] [exthost] [warning] [Decorations] CAPPING events from decorations provider vscode.git 287
[2021-12-06 17:33:08.772] [exthost] [warning] [Decorations] CAPPING events from decorations provider vscode.git 287
[2021-12-06 17:33:15.446] [exthost] [warning] [Decorations] CAPPING events from decorations provider vscode.git 287
[2021-12-06 17:33:25.474] [exthost] [warning] [Decorations] CAPPING events from decorations provider vscode.git 286
[2021-12-06 17:34:32.291] [exthost] [warning] [Decorations] CAPPING events from decorations provider vscode.git 286
[2021-12-06 17:34:37.384] [exthost] [warning] [Decorations] CAPPING events from decorations provider vscode.git 286
[2021-12-06 17:35:01.048] [exthost] [warning] [Decorations] CAPPING events from decorations provider vscode.git 286
[2021-12-06 17:35:06.115] [exthost] [warning] [Decorations] CAPPING events from decorations provider vscode.git 287
[2021-12-06 17:35:11.173] [exthost] [warning] [Decorations] CAPPING events from decorations provider vscode.git 287
[2021-12-06 17:35:16.255] [exthost] [warning] [Decorations] CAPPING events from decorations provider vscode.git 287
[2021-12-06 17:35:21.340] [exthost] [warning] [Decorations] CAPPING events from decorations provider vscode.git 287
[2021-12-06 17:37:22.340] [exthost] [warning] [Decorations] CAPPING events from decorations provider vscode.git 287
[2021-12-06 17:39:23.932] [exthost] [warning] [Decorations] CAPPING events from decorations provider vscode.git 286
[2021-12-06 17:39:29.000] [exthost] [warning] [Decorations] CAPPING events from decorations provider vscode.git 287
[2021-12-06 17:39:34.058] [exthost] [warning] [Decorations] CAPPING events from decorations provider vscode.git 287
[2021-12-06 17:39:39.138] [exthost] [warning] [Decorations] CAPPING events from decorations provider vscode.git 287
[2021-12-06 17:39:44.225] [exthost] [warning] [Decorations] CAPPING events from decorations provider vscode.git 287
[2021-12-06 17:39:49.304] [exthost] [warning] [Decorations] CAPPING events from decorations provider vscode.git 287
[2021-12-06 17:39:54.374] [exthost] [warning] [Decorations] CAPPING events from decorations provider vscode.git 286
[2021-12-06 17:40:17.855] [exthost] [warning] [Decorations] CAPPING events from decorations provider vscode.git 286
[2021-12-06 17:40:22.929] [exthost] [warning] [Decorations] CAPPING events from decorations provider vscode.git 286
[2021-12-06 17:40:28.010] [exthost] [warning] [Decorations] CAPPING events from decorations provider vscode.git 286
[2021-12-06 17:40:43.375] [exthost] [warning] [Decorations] CAPPING events from decorations provider vscode.git 286
[2021-12-06 17:40:50.380] [exthost] [warning] [Decorations] CAPPING events from decorations provider vscode.git 286
[2021-12-06 17:41:02.755] [exthost] [warning] [Decorations] CAPPING events from decorations provider vscode.git 286
[2021-12-06 17:42:20.781] [exthost] [warning] [Decorations] CAPPING events from decorations provider vscode.git 286
[2021-12-06 17:42:25.842] [exthost] [warning] [Decorations] CAPPING events from decorations provider vscode.git 286
[2021-12-06 17:42:30.930] [exthost] [warning] [Decorations] CAPPING events from decorations provider vscode.git 286
[2021-12-06 17:43:04.006] [exthost] [warning] [Decorations] CAPPING events from decorations provider vscode.git 286
[2021-12-06 17:43:09.063] [exthost] [warning] [Decorations] CAPPING events from decorations provider vscode.git 286
[2021-12-06 17:43:58.627] [exthost] [warning] [Decorations] CAPPING events from decorations provider vscode.git 286
[2021-12-06 17:44:03.684] [exthost] [warning] [Decorations] CAPPING events from decorations provider vscode.git 286
[2021-12-06 17:44:08.762] [exthost] [warning] [Decorations] CAPPING events from decorations provider vscode.git 286
[2021-12-06 17:44:13.846] [exthost] [warning] [Decorations] CAPPING events from decorations provider vscode.git 286
[2021-12-06 17:44:29.979] [exthost] [warning] [Decorations] CAPPING events from decorations provider vscode.git 286
[2021-12-06 17:44:49.032] [exthost] [warning] [Decorations] CAPPING events from decorations provider vscode.git 286
[2021-12-06 17:45:13.535] [exthost] [warning] [Decorations] CAPPING events from decorations provider vscode.git 286
[2021-12-06 17:45:18.630] [exthost] [warning] [Decorations] CAPPING events from decorations provider vscode.git 286
[2021-12-06 17:45:23.714] [exthost] [warning] [Decorations] CAPPING events from decorations provider vscode.git 286
[2021-12-06 17:45:28.786] [exthost] [warning] [Decorations] CAPPING events from decorations provider vscode.git 286
[2021-12-06 17:45:33.867] [exthost] [warning] [Decorations] CAPPING events from decorations provider vscode.git 286
[2021-12-06 17:45:38.955] [exthost] [warning] [Decorations] CAPPING events from decorations provider vscode.git 286
[2021-12-06 17:48:51.884] [exthost] [warning] [Decorations] CAPPING events from decorations provider vscode.git 286
[2021-12-06 17:49:05.258] [exthost] [warning] [Decorations] CAPPING events from decorations provider vscode.git 287
[2021-12-06 17:49:17.496] [exthost] [warning] [Decorations] CAPPING events from decorations provider vscode.git 287
[2021-12-06 17:50:13.981] [exthost] [warning] [Decorations] CAPPING events from decorations provider vscode.git 286
[2021-12-06 17:50:19.040] [exthost] [warning] [Decorations] CAPPING events from decorations provider vscode.git 286
[2021-12-06 17:51:12.083] [exthost] [warning] [Decorations] CAPPING events from decorations provider vscode.git 286
[2021-12-06 17:51:17.144] [exthost] [warning] [Decorations] CAPPING events from decorations provider vscode.git 286
[2021-12-06 17:51:22.224] [exthost] [warning] [Decorations] CAPPING events from decorations provider vscode.git 286
[2021-12-06 17:51:48.541] [exthost] [warning] [Decorations] CAPPING events from decorations provider vscode.git 286
[2021-12-06 17:51:54.088] [exthost] [warning] [Decorations] CAPPING events from decorations provider vscode.git 286
[2021-12-06 17:52:15.269] [exthost] [warning] [Decorations] CAPPING events from decorations provider vscode.git 286
[2021-12-06 17:52:20.512] [exthost] [warning] [Decorations] CAPPING events from decorations provider vscode.git 286
[2021-12-06 17:52:43.668] [exthost] [warning] [Decorations] CAPPING events from decorations provider vscode.git 286
[2021-12-06 17:53:12.621] [exthost] [warning] [Decorations] CAPPING events from decorations provider vscode.git 286
[2021-12-06 17:53:26.190] [exthost] [warning] [Decorations] CAPPING events from decorations provider vscode.git 286
[2021-12-06 17:53:31.263] [exthost] [warning] [Decorations] CAPPING events from decorations provider vscode.git 286
[2021-12-06 17:53:49.783] [exthost] [warning] [Decorations] CAPPING events from decorations provider vscode.git 286
[2021-12-06 17:54:07.410] [exthost] [warning] [Decorations] CAPPING events from decorations provider vscode.git 286
[2021-12-06 17:54:12.469] [exthost] [warning] [Decorations] CAPPING events from decorations provider vscode.git 286
[2021-12-06 17:54:17.554] [exthost] [warning] [Decorations] CAPPING events from decorations provider vscode.git 286
[2021-12-06 17:54:22.644] [exthost] [warning] [Decorations] CAPPING events from decorations provider vscode.git 286
[2021-12-06 17:54:27.726] [exthost] [warning] [Decorations] CAPPING events from decorations provider vscode.git 286
[2021-12-06 17:54:32.799] [exthost] [warning] [Decorations] CAPPING events from decorations provider vscode.git 286
[2021-12-06 17:54:37.873] [exthost] [warning] [Decorations] CAPPING events from decorations provider vscode.git 286
[2021-12-06 17:54:42.959] [exthost] [warning] [Decorations] CAPPING events from decorations provider vscode.git 286
[2021-12-06 17:54:48.044] [exthost] [warning] [Decorations] CAPPING events from decorations provider vscode.git 286
[2021-12-06 17:54:53.127] [exthost] [warning] [Decorations] CAPPING events from decorations provider vscode.git 286
[2021-12-06 17:54:58.214] [exthost] [warning] [Decorations] CAPPING events from decorations provider vscode.git 286
[2021-12-06 17:55:03.294] [exthost] [warning] [Decorations] CAPPING events from decorations provider vscode.git 286
[2021-12-06 17:55:08.355] [exthost] [warning] [Decorations] CAPPING events from decorations provider vscode.git 286
[2021-12-06 17:55:13.436] [exthost] [warning] [Decorations] CAPPING events from decorations provider vscode.git 286
[2021-12-06 17:55:18.508] [exthost] [warning] [Decorations] CAPPING events from decorations provider vscode.git 286
[2021-12-06 17:55:23.585] [exthost] [warning] [Decorations] CAPPING events from decorations provider vscode.git 287
[2021-12-06 17:56:02.287] [exthost] [warning] [Decorations] CAPPING events from decorations provider vscode.git 287
[2021-12-06 17:56:07.370] [exthost] [warning] [Decorations] CAPPING events from decorations provider vscode.git 286
[2021-12-06 17:56:16.781] [exthost] [warning] [Decorations] CAPPING events from decorations provider vscode.git 286
[2021-12-06 17:56:21.865] [exthost] [warning] [Decorations] CAPPING events from decorations provider vscode.git 286
[2021-12-06 17:56:26.928] [exthost] [warning] [Decorations] CAPPING events from decorations provider vscode.git 286
[2021-12-06 17:56:32.005] [exthost] [warning] [Decorations] CAPPING events from decorations provider vscode.git 286
[2021-12-06 17:56:37.085] [exthost] [warning] [Decorations] CAPPING events from decorations provider vscode.git 286
[2021-12-06 17:56:42.171] [exthost] [warning] [Decorations] CAPPING events from decorations provider vscode.git 286
[2021-12-06 17:56:47.250] [exthost] [warning] [Decorations] CAPPING events from decorations provider vscode.git 286
[2021-12-06 17:56:52.332] [exthost] [warning] [Decorations] CAPPING events from decorations provider vscode.git 286
[2021-12-06 17:56:57.413] [exthost] [warning] [Decorations] CAPPING events from decorations provider vscode.git 286
[2021-12-06 17:57:02.500] [exthost] [warning] [Decorations] CAPPING events from decorations provider vscode.git 286
[2021-12-06 17:57:10.568] [exthost] [warning] [Decorations] CAPPING events from decorations provider vscode.git 286
[2021-12-06 17:57:15.644] [exthost] [warning] [Decorations] CAPPING events from decorations provider vscode.git 286
[2021-12-06 17:58:39.007] [exthost] [warning] [Decorations] CAPPING events from decorations provider vscode.git 286
[2021-12-06 17:58:46.679] [exthost] [warning] [Decorations] CAPPING events from decorations provider vscode.git 286
