[2021-12-09 08:59:18.163] [exthost] [info] Extension host with pid 380 started
[2021-12-09 08:59:18.164] [exthost] [info] Skipping acquiring lock for /root/Desktop/pge/code/~/vscode/User/workspaceStorage/83dc4ca5e1ab3d9e838964fc227d0b39.
[2021-12-09 08:59:18.277] [exthost] [info] ExtensionService#_doActivateExtension vscode.microsoft-authentication, startup: false, activationEvent: 'onAuthenticationRequest:microsoft'
[2021-12-09 08:59:18.333] [exthost] [info] ExtensionService#_doActivateExtension vscode.debug-auto-launch, startup: true, activationEvent: '*'
[2021-12-09 08:59:18.339] [exthost] [info] ExtensionService#_doActivateExtension vscode.git, startup: true, activationEvent: '*', root cause: vscode.github
[2021-12-09 08:59:18.535] [exthost] [info] ExtensionService#_doActivateExtension vscode.github, startup: true, activationEvent: '*'
[2021-12-09 08:59:18.590] [exthost] [info] Eager extensions activated
[2021-12-09 08:59:18.679] [exthost] [info] ExtensionService#_doActivateExtension vscode.github-authentication, startup: false, activationEvent: 'onAuthenticationRequest:github'
[2021-12-09 08:59:18.733] [exthost] [info] ExtensionService#_doActivateExtension vscode.merge-conflict, startup: false, activationEvent: 'onStartupFinished'
[2021-12-09 08:59:44.860] [exthost] [warning] [Decorations] CAPPING events from decorations provider vscode.git 256
[2021-12-09 09:00:42.753] [exthost] [warning] [Decorations] CAPPING events from decorations provider vscode.git 256
[2021-12-09 09:00:51.258] [exthost] [warning] [Decorations] CAPPING events from decorations provider vscode.git 256
[2021-12-09 09:00:59.328] [exthost] [warning] [Decorations] CAPPING events from decorations provider vscode.git 256
[2021-12-09 09:01:19.441] [exthost] [warning] [Decorations] CAPPING events from decorations provider vscode.git 257
[2021-12-09 09:01:24.535] [exthost] [warning] [Decorations] CAPPING events from decorations provider vscode.git 257
[2021-12-09 09:01:31.871] [exthost] [warning] [Decorations] CAPPING events from decorations provider vscode.git 257
[2021-12-09 09:01:36.952] [exthost] [warning] [Decorations] CAPPING events from decorations provider vscode.git 257
[2021-12-09 09:01:45.748] [exthost] [warning] [Decorations] CAPPING events from decorations provider vscode.git 258
[2021-12-09 09:01:58.404] [exthost] [warning] [Decorations] CAPPING events from decorations provider vscode.git 257
[2021-12-09 09:02:18.321] [exthost] [warning] [Decorations] CAPPING events from decorations provider vscode.git 257
[2021-12-09 09:02:48.042] [exthost] [warning] [Decorations] CAPPING events from decorations provider vscode.git 257
[2021-12-09 09:02:57.217] [exthost] [warning] [Decorations] CAPPING events from decorations provider vscode.git 258
[2021-12-09 09:03:03.116] [exthost] [warning] [Decorations] CAPPING events from decorations provider vscode.git 258
[2021-12-09 09:03:08.209] [exthost] [warning] [Decorations] CAPPING events from decorations provider vscode.git 258
[2021-12-09 09:03:35.258] [exthost] [warning] [Decorations] CAPPING events from decorations provider vscode.git 260
[2021-12-09 09:03:46.631] [exthost] [warning] [Decorations] CAPPING events from decorations provider vscode.git 260
[2021-12-09 09:04:17.617] [exthost] [warning] [Decorations] CAPPING events from decorations provider vscode.git 260
[2021-12-09 09:05:02.586] [exthost] [warning] [Decorations] CAPPING events from decorations provider vscode.git 260
[2021-12-09 09:08:28.856] [exthost] [warning] [Decorations] CAPPING events from decorations provider vscode.git 260
[2021-12-09 09:08:33.904] [exthost] [warning] [Decorations] CAPPING events from decorations provider vscode.git 260
[2021-12-09 09:08:51.680] [exthost] [warning] [Decorations] CAPPING events from decorations provider vscode.git 260
[2021-12-09 09:08:56.799] [exthost] [warning] [Decorations] CAPPING events from decorations provider vscode.git 260
[2021-12-09 09:09:24.198] [exthost] [warning] [Decorations] CAPPING events from decorations provider vscode.git 260
[2021-12-09 09:09:36.870] [exthost] [warning] [Decorations] CAPPING events from decorations provider vscode.git 260
[2021-12-09 09:09:56.580] [exthost] [warning] [Decorations] CAPPING events from decorations provider vscode.git 260
[2021-12-09 09:10:01.645] [exthost] [warning] [Decorations] CAPPING events from decorations provider vscode.git 260
[2021-12-09 09:10:06.746] [exthost] [warning] [Decorations] CAPPING events from decorations provider vscode.git 260
[2021-12-09 09:10:11.801] [exthost] [warning] [Decorations] CAPPING events from decorations provider vscode.git 260
[2021-12-09 09:10:37.762] [exthost] [warning] [Decorations] CAPPING events from decorations provider vscode.git 260
[2021-12-09 09:12:45.966] [exthost] [warning] [Decorations] CAPPING events from decorations provider vscode.git 260
[2021-12-09 09:12:51.024] [exthost] [warning] [Decorations] CAPPING events from decorations provider vscode.git 260
[2021-12-09 09:13:00.173] [exthost] [warning] [Decorations] CAPPING events from decorations provider vscode.git 260
[2021-12-09 09:14:45.381] [exthost] [warning] [Decorations] CAPPING events from decorations provider vscode.git 260
